c:\users\juan\desktop\rareject - gui\rareject (gui)\debug\vc141.pdb
c:\users\juan\desktop\rareject - gui\rareject (gui)\debug\ventanaprocesos.obj
c:\users\juan\desktop\rareject - gui\rareject (gui)\debug\rareject.obj
c:\users\juan\desktop\rareject - gui\rareject (gui)\debug\.netframework,version=v4.6.1.assemblyattributes.obj
c:\users\juan\desktop\rareject - gui\rareject (gui)\debug\.netframework,version=v4.6.1.assemblyattributes.asm
c:\users\juan\desktop\rareject - gui\debug\rareject (gui).exe
c:\users\juan\desktop\rareject - gui\debug\rareject (gui).pdb
c:\users\juan\desktop\rareject - gui\rareject (gui)\debug\rarejectgui.rareject.resources
c:\users\juan\desktop\rareject - gui\rareject (gui)\debug\rarejectgui.ventanaprocesos.resources
c:\users\juan\desktop\rareject - gui\rareject (gui)\debug\rareject (gui).res
c:\users\juan\desktop\rareject - gui\rareject (gui)\debug\rareject (gui).vcxproj.generateresource.cache
c:\users\juan\desktop\rareject - gui\rareject (gui)\debug\rareject (gui).vcxprojassemblyreference.cache
c:\users\juan\desktop\rareject - gui\rareject (gui)\debug\rareject (gui).tlog\cl.command.1.tlog
c:\users\juan\desktop\rareject - gui\rareject (gui)\debug\rareject (gui).tlog\cl.read.1.tlog
c:\users\juan\desktop\rareject - gui\rareject (gui)\debug\rareject (gui).tlog\cl.write.1.tlog
c:\users\juan\desktop\rareject - gui\rareject (gui)\debug\rareject (gui).tlog\link.command.1.tlog
c:\users\juan\desktop\rareject - gui\rareject (gui)\debug\rareject (gui).tlog\link.read.1.tlog
c:\users\juan\desktop\rareject - gui\rareject (gui)\debug\rareject (gui).tlog\link.write.1.tlog
c:\users\juan\desktop\rareject - gui\rareject (gui)\debug\rareject (gui).tlog\metagen.read.1.tlog
c:\users\juan\desktop\rareject - gui\rareject (gui)\debug\rareject (gui).tlog\metagen.write.1.tlog
c:\users\juan\desktop\rareject - gui\rareject (gui)\debug\rareject (gui).tlog\rareject (gui).write.1u.tlog
c:\users\juan\desktop\rareject - gui\rareject (gui)\debug\rareject (gui).tlog\rc.command.1.tlog
c:\users\juan\desktop\rareject - gui\rareject (gui)\debug\rareject (gui).tlog\rc.read.1.tlog
c:\users\juan\desktop\rareject - gui\rareject (gui)\debug\rareject (gui).tlog\rc.write.1.tlog
c:\users\juan\desktop\rareject - gui\rareject (gui)\debug\rareject (gui).tlog\tzres.dll.bi
